<?xml version="1.0" encoding="UTF-8"?>
<!-- Generated by org.testng.reporters.JUnitXMLReporter -->
<testsuite ignored="0" hostname="Hariom" failures="0" tests="5" name="Default test" time="124.537" errors="0" timestamp="08 May 2024 09:24:52 GMT">
  <testcase classname="com.LoginScenario.LoginScenarioAmazon" name="testLoginOperation" time="12.483"/>
  <testcase classname="com.LoginScenario.LoginScenarioAmazon" name="searchFunction" time="10.366"/>
  <testcase classname="com.LoginScenario.LoginScenarioAmazon" name="addToCartFunction" time="26.622"/>
  <testcase classname="com.LoginScenario.LoginScenarioAmazon" name="category" time="6.436"/>
  <testcase classname="com.LoginScenario.LoginScenarioAmazon" name="signintopayment" time="42.838"/>
</testsuite> <!-- Default test -->
