<?xml version="1.0" encoding="UTF-8"?>
<testng-results ignored="0" total="5" passed="5" failed="0" skipped="0">
  <reporter-output>
  </reporter-output>
  <suite started-at="2024-05-08T09:22:47Z" name="Default suite" finished-at="2024-05-08T09:24:52Z" duration-ms="124537">
    <groups>
    </groups>
    <test started-at="2024-05-08T09:22:47Z" name="Default test" finished-at="2024-05-08T09:24:52Z" duration-ms="124537">
      <class name="com.LoginScenario.LoginScenarioAmazon">
        <test-method is-config="true" signature="setUp()[pri:0, instance:com.LoginScenario.LoginScenarioAmazon@6f44a157]" started-at="2024-05-08T14:52:47Z" name="setUp" finished-at="2024-05-08T14:52:51Z" duration-ms="3665" status="PASS">
          <reporter-output>
          </reporter-output>
        </test-method> <!-- setUp -->
        <test-method signature="testLoginOperation()[pri:0, instance:com.LoginScenario.LoginScenarioAmazon@6f44a157]" started-at="2024-05-08T14:52:51Z" name="testLoginOperation" finished-at="2024-05-08T14:53:04Z" duration-ms="12483" status="PASS">
          <reporter-output>
          </reporter-output>
        </test-method> <!-- testLoginOperation -->
        <test-method is-config="true" signature="tearDown()[pri:0, instance:com.LoginScenario.LoginScenarioAmazon@6f44a157]" started-at="2024-05-08T14:53:04Z" name="tearDown" finished-at="2024-05-08T14:53:04Z" duration-ms="232" status="PASS">
          <reporter-output>
          </reporter-output>
        </test-method> <!-- tearDown -->
        <test-method is-config="true" signature="setUp()[pri:0, instance:com.LoginScenario.LoginScenarioAmazon@6f44a157]" started-at="2024-05-08T14:53:04Z" name="setUp" finished-at="2024-05-08T14:53:13Z" duration-ms="8853" status="PASS">
          <reporter-output>
          </reporter-output>
        </test-method> <!-- setUp -->
        <test-method signature="searchFunction()[pri:1, instance:com.LoginScenario.LoginScenarioAmazon@6f44a157]" started-at="2024-05-08T14:53:13Z" name="searchFunction" finished-at="2024-05-08T14:53:23Z" duration-ms="10366" status="PASS">
          <reporter-output>
          </reporter-output>
        </test-method> <!-- searchFunction -->
        <test-method is-config="true" signature="tearDown()[pri:0, instance:com.LoginScenario.LoginScenarioAmazon@6f44a157]" started-at="2024-05-08T14:53:23Z" name="tearDown" finished-at="2024-05-08T14:53:23Z" duration-ms="248" status="PASS">
          <reporter-output>
          </reporter-output>
        </test-method> <!-- tearDown -->
        <test-method is-config="true" signature="setUp()[pri:0, instance:com.LoginScenario.LoginScenarioAmazon@6f44a157]" started-at="2024-05-08T14:53:23Z" name="setUp" finished-at="2024-05-08T14:53:27Z" duration-ms="4004" status="PASS">
          <reporter-output>
          </reporter-output>
        </test-method> <!-- setUp -->
        <test-method signature="addToCartFunction()[pri:2, instance:com.LoginScenario.LoginScenarioAmazon@6f44a157]" started-at="2024-05-08T14:53:27Z" name="addToCartFunction" finished-at="2024-05-08T14:53:54Z" duration-ms="26622" status="PASS">
          <reporter-output>
          </reporter-output>
        </test-method> <!-- addToCartFunction -->
        <test-method is-config="true" signature="tearDown()[pri:0, instance:com.LoginScenario.LoginScenarioAmazon@6f44a157]" started-at="2024-05-08T14:53:54Z" name="tearDown" finished-at="2024-05-08T14:53:54Z" duration-ms="292" status="PASS">
          <reporter-output>
          </reporter-output>
        </test-method> <!-- tearDown -->
        <test-method is-config="true" signature="setUp()[pri:0, instance:com.LoginScenario.LoginScenarioAmazon@6f44a157]" started-at="2024-05-08T14:53:54Z" name="setUp" finished-at="2024-05-08T14:53:57Z" duration-ms="3107" status="PASS">
          <reporter-output>
          </reporter-output>
        </test-method> <!-- setUp -->
        <test-method signature="category()[pri:3, instance:com.LoginScenario.LoginScenarioAmazon@6f44a157]" started-at="2024-05-08T14:53:57Z" name="category" finished-at="2024-05-08T14:54:04Z" duration-ms="6436" status="PASS">
          <reporter-output>
          </reporter-output>
        </test-method> <!-- category -->
        <test-method is-config="true" signature="tearDown()[pri:0, instance:com.LoginScenario.LoginScenarioAmazon@6f44a157]" started-at="2024-05-08T14:54:04Z" name="tearDown" finished-at="2024-05-08T14:54:04Z" duration-ms="132" status="PASS">
          <reporter-output>
          </reporter-output>
        </test-method> <!-- tearDown -->
        <test-method is-config="true" signature="setUp()[pri:0, instance:com.LoginScenario.LoginScenarioAmazon@6f44a157]" started-at="2024-05-08T14:54:04Z" name="setUp" finished-at="2024-05-08T14:54:09Z" duration-ms="4958" status="PASS">
          <reporter-output>
          </reporter-output>
        </test-method> <!-- setUp -->
        <test-method signature="signintopayment()[pri:4, instance:com.LoginScenario.LoginScenarioAmazon@6f44a157]" started-at="2024-05-08T14:54:09Z" name="signintopayment" finished-at="2024-05-08T14:54:52Z" duration-ms="42838" status="PASS">
          <reporter-output>
          </reporter-output>
        </test-method> <!-- signintopayment -->
        <test-method is-config="true" signature="tearDown()[pri:0, instance:com.LoginScenario.LoginScenarioAmazon@6f44a157]" started-at="2024-05-08T14:54:52Z" name="tearDown" finished-at="2024-05-08T14:54:52Z" duration-ms="279" status="PASS">
          <reporter-output>
          </reporter-output>
        </test-method> <!-- tearDown -->
      </class> <!-- com.LoginScenario.LoginScenarioAmazon -->
    </test> <!-- Default test -->
  </suite> <!-- Default suite -->
</testng-results>
